info it worked if it ends with ok
verbose cli [ 'node', '/usr/local/bin/npm', 'install', './' ]
info using npm@1.1.0-beta-4
info using node@v0.6.6
verbose config file /Users/me/.npmrc
verbose config file /usr/local/etc/npmrc
verbose config file /usr/local/lib/node_modules/npm/npmrc
verbose caching /Users/me/source/github/AngleBracket/WebSockets/Example/package.json
verbose loadDefaults CodeMash.HTML5.PreCompiler@0.0.1
verbose where, deps [ '/Users/me/source/github/AngleBracket/WebSockets/Example',
verbose where, deps   [ 'coffee-script',
verbose where, deps     'jasmine-node',
verbose where, deps     'socket.io',
verbose where, deps     'socket.io-client',
verbose where, deps     'node-static' ] ]
verbose from cache /Users/me/source/github/AngleBracket/WebSockets/Example/package.json
info preinstall CodeMash.HTML5.PreCompiler@0.0.1
verbose from cache /Users/me/source/github/AngleBracket/WebSockets/Example/package.json
verbose into /Users/me/source/github/AngleBracket/WebSockets/Example [ 'coffee-script@>= 1.1.3',
verbose into /Users/me/source/github/AngleBracket/WebSockets/Example   'jasmine-node@1.0.12',
verbose into /Users/me/source/github/AngleBracket/WebSockets/Example   'socket.io@0.8.7',
verbose into /Users/me/source/github/AngleBracket/WebSockets/Example   'socket.io-client@0.8.7',
verbose into /Users/me/source/github/AngleBracket/WebSockets/Example   'node-static@0.5.9' ]
verbose cache add coffee-script@>= 1.1.3
verbose cache add [ 'coffee-script@>= 1.1.3', null ]
silly cache add: name, spec, args [ undefined,
silly cache add: name, spec, args   'coffee-script@>= 1.1.3',
silly cache add: name, spec, args   [ 'coffee-script@>= 1.1.3', null ] ]
verbose parsed url { pathname: 'coffee-script@',
verbose parsed url   path: 'coffee-script@',
verbose parsed url   href: 'coffee-script@' }
silly cache add: name, spec, args [ 'coffee-script', '>= 1.1.3', [ 'coffee-script', '>= 1.1.3' ] ]
verbose parsed url { pathname: '=', path: '=', href: '=' }
verbose addNamed [ 'coffee-script', '>= 1.1.3' ]
verbose addNamed [ null, '>=1.1.3' ]
silly name, range, hasData [ 'coffee-script', '>=1.1.3', false ]
verbose cache add jasmine-node@1.0.12
verbose cache add [ 'jasmine-node@1.0.12', null ]
silly cache add: name, spec, args [ undefined,
silly cache add: name, spec, args   'jasmine-node@1.0.12',
silly cache add: name, spec, args   [ 'jasmine-node@1.0.12', null ] ]
verbose parsed url { pathname: 'jasmine-node@1.0.12',
verbose parsed url   path: 'jasmine-node@1.0.12',
verbose parsed url   href: 'jasmine-node@1.0.12' }
silly cache add: name, spec, args [ 'jasmine-node', '1.0.12', [ 'jasmine-node', '1.0.12' ] ]
verbose parsed url { pathname: '1.0.12', path: '1.0.12', href: '1.0.12' }
verbose addNamed [ 'jasmine-node', '1.0.12' ]
verbose addNamed [ '1.0.12', '1.0.12' ]
verbose cache add socket.io@0.8.7
verbose cache add [ 'socket.io@0.8.7', null ]
silly cache add: name, spec, args [ undefined, 'socket.io@0.8.7', [ 'socket.io@0.8.7', null ] ]
verbose parsed url { pathname: 'socket.io@0.8.7',
verbose parsed url   path: 'socket.io@0.8.7',
verbose parsed url   href: 'socket.io@0.8.7' }
silly cache add: name, spec, args [ 'socket.io', '0.8.7', [ 'socket.io', '0.8.7' ] ]
verbose parsed url { pathname: '0.8.7', path: '0.8.7', href: '0.8.7' }
verbose addNamed [ 'socket.io', '0.8.7' ]
verbose addNamed [ '0.8.7', '0.8.7' ]
verbose cache add socket.io-client@0.8.7
verbose cache add [ 'socket.io-client@0.8.7', null ]
silly cache add: name, spec, args [ undefined,
silly cache add: name, spec, args   'socket.io-client@0.8.7',
silly cache add: name, spec, args   [ 'socket.io-client@0.8.7', null ] ]
verbose parsed url { pathname: 'socket.io-client@0.8.7',
verbose parsed url   path: 'socket.io-client@0.8.7',
verbose parsed url   href: 'socket.io-client@0.8.7' }
silly cache add: name, spec, args [ 'socket.io-client', '0.8.7', [ 'socket.io-client', '0.8.7' ] ]
verbose parsed url { pathname: '0.8.7', path: '0.8.7', href: '0.8.7' }
verbose addNamed [ 'socket.io-client', '0.8.7' ]
verbose addNamed [ '0.8.7', '0.8.7' ]
verbose cache add node-static@0.5.9
verbose cache add [ 'node-static@0.5.9', null ]
silly cache add: name, spec, args [ undefined, 'node-static@0.5.9', [ 'node-static@0.5.9', null ] ]
verbose parsed url { pathname: 'node-static@0.5.9',
verbose parsed url   path: 'node-static@0.5.9',
verbose parsed url   href: 'node-static@0.5.9' }
silly cache add: name, spec, args [ 'node-static', '0.5.9', [ 'node-static', '0.5.9' ] ]
verbose parsed url { pathname: '0.5.9', path: '0.5.9', href: '0.5.9' }
verbose addNamed [ 'node-static', '0.5.9' ]
verbose addNamed [ '0.5.9', '0.5.9' ]
verbose raw, before any munging jasmine-node/1.0.12
verbose url resolving [ 'https://registry.npmjs.org/', './jasmine-node/1.0.12' ]
verbose url resolved https://registry.npmjs.org/jasmine-node/1.0.12
http GET https://registry.npmjs.org/jasmine-node/1.0.12
verbose raw, before any munging coffee-script
verbose url resolving [ 'https://registry.npmjs.org/', './coffee-script' ]
verbose url resolved https://registry.npmjs.org/coffee-script
verbose etag "4I074QV5PFOZDWC7GZ7WKQKXU"
http GET https://registry.npmjs.org/coffee-script
verbose raw, before any munging socket.io/0.8.7
verbose url resolving [ 'https://registry.npmjs.org/', './socket.io/0.8.7' ]
verbose url resolved https://registry.npmjs.org/socket.io/0.8.7
verbose etag "8AI0OMODKM7JK5IZL13HWMVQM"
http GET https://registry.npmjs.org/socket.io/0.8.7
verbose raw, before any munging socket.io-client/0.8.7
verbose url resolving [ 'https://registry.npmjs.org/', './socket.io-client/0.8.7' ]
verbose url resolved https://registry.npmjs.org/socket.io-client/0.8.7
verbose etag "9JR8AZ45BSTFUQWYUY194CPCS"
http GET https://registry.npmjs.org/socket.io-client/0.8.7
verbose raw, before any munging node-static/0.5.9
verbose url resolving [ 'https://registry.npmjs.org/', './node-static/0.5.9' ]
verbose url resolved https://registry.npmjs.org/node-static/0.5.9
verbose etag "7CODLHGLTJASXCZD71Z66SUM1"
http GET https://registry.npmjs.org/node-static/0.5.9
silly get cb [ 304, undefined ]
ERR! Error: failed to fetch from registry: jasmine-node/1.0.12
ERR!     at /usr/local/lib/node_modules/npm/lib/utils/npm-registry-client/get.js:139:12
ERR!     at cb (/usr/local/lib/node_modules/npm/lib/utils/npm-registry-client/request.js:32:9)
ERR!     at Request._callback (/usr/local/lib/node_modules/npm/lib/utils/npm-registry-client/request.js:137:18)
ERR!     at Request.callback (/usr/local/lib/node_modules/npm/node_modules/request/main.js:104:22)
ERR!     at Request.<anonymous> (/usr/local/lib/node_modules/npm/node_modules/request/main.js:181:58)
ERR!     at Request.emit (events.js:88:20)
ERR!     at ClientRequest.<anonymous> (/usr/local/lib/node_modules/npm/node_modules/request/main.js:178:10)
ERR!     at ClientRequest.emit (events.js:67:17)
ERR!     at CleartextStream.<anonymous> (http.js:1114:11)
ERR!     at CleartextStream.emit (events.js:67:17)
ERR! Report this *entire* log at:
ERR!     <http://github.com/isaacs/npm/issues>
ERR! or email it to:
ERR!     <npm-@googlegroups.com>
ERR! 
ERR! System Darwin 11.2.0
ERR! command "node" "/usr/local/bin/npm" "install" "./"
ERR! cwd /Users/me/source/github/AngleBracket/WebSockets/Example
ERR! node -v v0.6.6
ERR! npm -v 1.1.0-beta-4
ERR! message failed to fetch from registry: jasmine-node/1.0.12
verbose exit [ 1, true ]
